<?xml version="1.0" encoding="UTF-8"?><testsuite errors="1" failures="0" name="Editar un producto en la página web de Sport10" skipped="0" tests="1" time="17.69" timestamp="2025-11-13 11:18:09"><testcase name="Editar el último producto registrado correctamente"><error message="Cannot locate element with text: &#10;For documentation on this error, please visit: https://www.seleniumhq.org/exceptions/no_such_element.html&#10;Build info: version: '3.141.59', revision: 'e82be7d358', time: '2018-11-14T08:17:03'&#10;System info: host: 'CALLCENTER-060', ip: '192.168.112.18', os.name: 'Windows 10', os.arch: 'amd64', os.version: '10.0', java.version: '15.0.2'&#10;Driver info: driver.version: unknown" type="org.openqa.selenium.NoSuchElementException">Cannot locate element with text: 
For documentation on this error, please visit: https://www.seleniumhq.org/exceptions/no_such_element.html
Build info: version: '3.141.59', revision: 'e82be7d358', time: '2018-11-14T08:17:03'
System info: host: 'CALLCENTER-060', ip: '192.168.112.18', os.name: 'Windows 10', os.arch: 'amd64', os.version: '10.0', java.version: '15.0.2'
Driver info: driver.version: unknown</error><system-err>Cannot locate element with text: 
For documentation on this error, please visit: https://www.seleniumhq.org/exceptions/no_such_element.html
Build info: version: '3.141.59', revision: 'e82be7d358', time: '2018-11-14T08:17:03'
System info: host: 'CALLCENTER-060', ip: '192.168.112.18', os.name: 'Windows 10', os.arch: 'amd64', os.version: '10.0', java.version: '15.0.2'
Driver info: driver.version: unknown&#13;
co.com.Automatizacion.tasks.Producto.EditarProducto.performAs(EditarProducto.java:28)&#13;
co.com.Automatizacion.stepsdefinitions.Productos.EditarProductosStepDefinition.editarUltimoProducto(EditarProductosStepDefinition.java:46)&#13;
cucumber.runner.Runner.runPickle(Runner.java:80)&#13;
worker.org.gradle.process.internal.worker.GradleWorkerMain.run(GradleWorkerMain.java:69)&#13;
worker.org.gradle.process.internal.worker.GradleWorkerMain.main(GradleWorkerMain.java:74)&#13;
</system-err></testcase></testsuite>