<?xml version="1.0" encoding="UTF-8"?><testsuite errors="0" failures="1" name="Eliminar un producto en la página web de Sport10" skipped="0" tests="1" time="46.36" timestamp="2025-11-13 11:18:38"><testcase name="Eliminar el último producto registrado correctamente"><failure message="Expected validar eliminacion producto&#13;&#10;Expected: is &lt;true&gt;&#13;&#10;     but: was &lt;false&gt;" type="java.lang.AssertionError">Expected validar eliminacion producto&#13;
Expected: is &lt;true&gt;&#13;
     but: was &lt;false&gt;</failure><system-err>Expected validar eliminacion producto&#13;
Expected: is &lt;true&gt;&#13;
     but: was &lt;false&gt;&#13;
co.com.Automatizacion.stepsdefinitions.Productos.EliminarProductosStepDefinition.verificarEliminacionProducto(EliminarProductosStepDefinition.java:33)&#13;
✽.el producto debe desaparecer de la lista de productos(src/test/resources/features/Productos/EliminarProducto.feature:17)&#13;
</system-err></testcase></testsuite>