<?xml version="1.0" encoding="UTF-8"?>
<testsuite name="Editar un usuario en pagina web de Sport10" tests="1" skipped="0" failures="0" errors="0" timestamp="2025-11-07T18:48:58" hostname="CALLCENTER-060" time="27.542">
  <properties/>
  <testcase name="Verificar la modificacion exitosa de datos de un usuario" classname="Editar un usuario en pagina web de Sport10" time="27.542"/>
  <system-out><![CDATA[Texto de la alerta: Usuario actualizado con éxito
]]></system-out>
  <system-err><![CDATA[nov. 07, 2025 1:48:59 P. M. org.openqa.selenium.remote.DesiredCapabilities chrome
INFORMACIÓN: Using `new ChromeOptions()` is preferred to `DesiredCapabilities.chrome()`
[Test worker] INFO net.serenitybdd.core.webdriver.driverproviders.ProvideNewDriver - Instantiating driver
[Test worker] INFO net.serenitybdd.core.webdriver.driverproviders.ProvideNewDriver - Driver capabilities: Capabilities {acceptInsecureCerts: false, browserName: chrome, goog:chromeOptions: {args: [], extensions: [], prefs: {behavior: allow}}, loggingPrefs: org.openqa.selenium.logging..., name: proyecto, platform: ANY, unhandledPromptBehavior: ignore, version: }
Starting ChromeDriver 141.0.7390.122 (b477534e7e10d193e916cd4e2967c589383625b2-refs/branch-heads/7390@{#2667}) on port 45748
Only local connections are allowed.
Please see https://chromedriver.chromium.org/security-considerations for suggestions on keeping ChromeDriver safe.
ChromeDriver was started successfully on port 45748.
[1762541341.173][WARNING]: This version of ChromeDriver has not been tested with Chrome version 142.
nov. 07, 2025 1:49:01 P. M. org.openqa.selenium.remote.ProtocolHandshake createSession
INFORMACIÓN: Detected dialect: W3C
[Test worker] INFO co.com.Automatizacion.questions.ValidacionLogin - Validando que el logueo sea correcto
[Test worker] INFO co.com.Automatizacion.questions.ValidacionLogin - El usuario se logueo correctamente
[Test worker] INFO co.com.Automatizacion.questions.ValidacionEditar - Validando si el apellido 'Lopez57' esta en los registros...
[Test worker] INFO co.com.Automatizacion.questions.ValidacionEditar - Verificando página 1...
[Test worker] INFO co.com.Automatizacion.questions.ValidacionEditar - Apellido en la tabla 'Mosquera'
[Test worker] INFO co.com.Automatizacion.questions.ValidacionEditar - Apellido en la tabla 'Rojas Sarabia'
[Test worker] INFO co.com.Automatizacion.questions.ValidacionEditar - Apellido en la tabla 'Martinez Portela'
[Test worker] INFO co.com.Automatizacion.questions.ValidacionEditar - Pasando a la siguiente página...
[Test worker] INFO co.com.Automatizacion.questions.ValidacionEditar - Verificando página 2...
[Test worker] INFO co.com.Automatizacion.questions.ValidacionEditar - Apellido en la tabla 'Garcia Giraldo'
[Test worker] INFO co.com.Automatizacion.questions.ValidacionEditar - Apellido en la tabla 'Perez'
[Test worker] INFO co.com.Automatizacion.questions.ValidacionEditar - Apellido en la tabla 'Perez'
[Test worker] INFO co.com.Automatizacion.questions.ValidacionEditar - Pasando a la siguiente página...
[Test worker] INFO co.com.Automatizacion.questions.ValidacionEditar - Verificando página 3...
[Test worker] INFO co.com.Automatizacion.questions.ValidacionEditar - Apellido en la tabla 'Perez'
[Test worker] INFO co.com.Automatizacion.questions.ValidacionEditar - Apellido en la tabla 'Lopez651'
[Test worker] INFO co.com.Automatizacion.questions.ValidacionEditar - Apellido en la tabla 'Lopez57'
[Test worker] INFO co.com.Automatizacion.questions.ValidacionEditar - Apellido 'Lopez57' encontrado en la pagina '3'
[Test worker] INFO net.thucydides.core.steps.ConsoleLoggingListener - 
        __    _____ _____ ____ _____   ____   _    ____  ____  _____ ____  
  _     \ \  |_   _| ____/ ___|_   _| |  _ \ / \  / ___|/ ___|| ____|  _ \ 
 (_)_____| |   | | |  _| \___ \ | |   | |_) / _ \ \___ \\___ \|  _| | | | |
  _|_____| |   | | | |___ ___) || |   |  __/ ___ \ ___) |___) | |___| |_| |
 (_)     | |   |_| |_____|____/ |_|   |_| /_/   \_\____/|____/|_____|____/ 
        /_/                                                                

TEST PASSED: Verificar la modificacion exitosa de datos de un usuario
----------------------------------------------------------------------------
]]></system-err>
</testsuite>
