{"name":"Registrar un proveedor exitosamente","id":"registrar-un-nuevo-proveedor;registrar-un-proveedor-exitosamente","testSteps":[{"number":1,"description":"Dado que el administrador ingresa al módulo de proveedores con sus credenciales:\r\n| email | password |\r\n| felipe@gmail.com | skjdahkjshdu13432.,- |","duration":11555,"startTime":"2025-11-09T19:02:13.052913300-05:00[America/Bogota]","exception":{"errorType":"net.thucydides.core.webdriver.exceptions.ElementShouldBeEnabledException","message":"Expected enabled element was not enabled","stackTrace":[{"classLoaderName":"app","declaringClass":"co.com.Automatizacion.tasks.Usuarios.Login","methodName":"performAs","fileName":"Login.java","lineNumber":20,"format":1},{"classLoaderName":"app","declaringClass":"co.com.Automatizacion.tasks.Proveedor.IngresarModuloProveedor","methodName":"performAs","fileName":"IngresarModuloProveedor.java","lineNumber":29,"format":1},{"classLoaderName":"app","declaringClass":"co.com.Automatizacion.stepsdefinitions.Proveedor.RegistrarProveedorStepDefinition","methodName":"ingresarAlModuloDeProveedores","fileName":"RegistrarProveedorStepDefinition.java","lineNumber":23,"format":1},{"classLoaderName":"app","declaringClass":"cucumber.runner.Runner","methodName":"runPickle","fileName":"Runner.java","lineNumber":80,"format":1},{"classLoaderName":"app","declaringClass":"worker.org.gradle.process.internal.worker.GradleWorkerMain","methodName":"run","fileName":"GradleWorkerMain.java","lineNumber":69,"format":1},{"classLoaderName":"app","declaringClass":"worker.org.gradle.process.internal.worker.GradleWorkerMain","methodName":"main","fileName":"GradleWorkerMain.java","lineNumber":74,"format":1}],"rootCause":{"errorType":"org.openqa.selenium.TimeoutException","message":"Expected condition failed: waiting for By.id: email to be enabled (tried for 5 second(s) with 100 milliseconds interval)","stackTrace":[{"classLoaderName":"app","declaringClass":"co.com.Automatizacion.tasks.Usuarios.Login","methodName":"performAs","fileName":"Login.java","lineNumber":20,"format":1},{"classLoaderName":"app","declaringClass":"co.com.Automatizacion.tasks.Proveedor.IngresarModuloProveedor","methodName":"performAs","fileName":"IngresarModuloProveedor.java","lineNumber":29,"format":1},{"classLoaderName":"app","declaringClass":"co.com.Automatizacion.stepsdefinitions.Proveedor.RegistrarProveedorStepDefinition","methodName":"ingresarAlModuloDeProveedores","fileName":"RegistrarProveedorStepDefinition.java","lineNumber":23,"format":1},{"classLoaderName":"app","declaringClass":"cucumber.runner.Runner","methodName":"runPickle","fileName":"Runner.java","lineNumber":80,"format":1},{"classLoaderName":"app","declaringClass":"worker.org.gradle.process.internal.worker.GradleWorkerMain","methodName":"run","fileName":"GradleWorkerMain.java","lineNumber":69,"format":1},{"classLoaderName":"app","declaringClass":"worker.org.gradle.process.internal.worker.GradleWorkerMain","methodName":"main","fileName":"GradleWorkerMain.java","lineNumber":74,"format":1}],"rootCause":{"errorType":"org.openqa.selenium.NoSuchElementException","message":"no such element: Unable to locate element: {\"method\":\"css selector\",\"selector\":\"#email\"}\n  (Session info: chrome\u003d142.0.7444.61)\nFor documentation on this error, please visit: https://www.seleniumhq.org/exceptions/no_such_element.html\nBuild info: version: \u00273.141.59\u0027, revision: \u0027e82be7d358\u0027, time: \u00272018-11-14T08:17:03\u0027\nSystem info: host: \u0027LA_MAQUINA\u0027, ip: \u0027192.168.1.18\u0027, os.name: \u0027Windows 10\u0027, os.arch: \u0027amd64\u0027, os.version: \u002710.0\u0027, java.version: \u002715.0.2\u0027\nDriver info: org.openqa.selenium.chrome.ChromeDriver\nCapabilities {acceptInsecureCerts: false, browserName: chrome, browserVersion: 142.0.7444.61, chrome: {chromedriverVersion: 142.0.7444.59 (4b8153ab58d3..., userDataDir: C:\\Users\\juanm\\AppData\\Loca...}, fedcm:accounts: true, goog:chromeOptions: {debuggerAddress: localhost:56145}, goog:processID: 10020, javascriptEnabled: true, networkConnectionEnabled: false, pageLoadStrategy: normal, platform: WINDOWS, platformName: WINDOWS, proxy: Proxy(), setWindowRect: true, strictFileInteractability: false, timeouts: {implicit: 0, pageLoad: 300000, script: 30000}, unhandledPromptBehavior: ignore, webauthn:extension:credBlob: true, webauthn:extension:largeBlob: true, webauthn:extension:minPinLength: true, webauthn:extension:prf: true, webauthn:virtualAuthenticators: true}\nSession ID: 8508191cec3b56eaaa288cf129b49374\n*** Element info: {Using\u003did, value\u003demail}","stackTrace":[{"classLoaderName":"app","declaringClass":"co.com.Automatizacion.tasks.Usuarios.Login","methodName":"performAs","fileName":"Login.java","lineNumber":20,"format":1},{"classLoaderName":"app","declaringClass":"co.com.Automatizacion.tasks.Proveedor.IngresarModuloProveedor","methodName":"performAs","fileName":"IngresarModuloProveedor.java","lineNumber":29,"format":1},{"classLoaderName":"app","declaringClass":"co.com.Automatizacion.stepsdefinitions.Proveedor.RegistrarProveedorStepDefinition","methodName":"ingresarAlModuloDeProveedores","fileName":"RegistrarProveedorStepDefinition.java","lineNumber":23,"format":1},{"classLoaderName":"app","declaringClass":"cucumber.runner.Runner","methodName":"runPickle","fileName":"Runner.java","lineNumber":80,"format":1},{"classLoaderName":"app","declaringClass":"worker.org.gradle.process.internal.worker.GradleWorkerMain","methodName":"run","fileName":"GradleWorkerMain.java","lineNumber":69,"format":1},{"classLoaderName":"app","declaringClass":"worker.org.gradle.process.internal.worker.GradleWorkerMain","methodName":"main","fileName":"GradleWorkerMain.java","lineNumber":74,"format":1}]}}},"result":"FAILURE","precondition":false,"level":0,"children":[{"number":2,"description":"Administrador ingresar modulo proveedor","duration":10992,"startTime":"2025-11-09T19:02:13.609831800-05:00[America/Bogota]","exception":{"errorType":"net.thucydides.core.webdriver.exceptions.ElementShouldBeEnabledException","message":"Expected enabled element was not enabled","stackTrace":[{"classLoaderName":"app","declaringClass":"co.com.Automatizacion.tasks.Usuarios.Login","methodName":"performAs","fileName":"Login.java","lineNumber":20,"format":1},{"classLoaderName":"app","declaringClass":"co.com.Automatizacion.tasks.Proveedor.IngresarModuloProveedor","methodName":"performAs","fileName":"IngresarModuloProveedor.java","lineNumber":29,"format":1},{"classLoaderName":"app","declaringClass":"co.com.Automatizacion.stepsdefinitions.Proveedor.RegistrarProveedorStepDefinition","methodName":"ingresarAlModuloDeProveedores","fileName":"RegistrarProveedorStepDefinition.java","lineNumber":23,"format":1},{"classLoaderName":"app","declaringClass":"cucumber.runner.Runner","methodName":"runPickle","fileName":"Runner.java","lineNumber":80,"format":1},{"classLoaderName":"app","declaringClass":"worker.org.gradle.process.internal.worker.GradleWorkerMain","methodName":"run","fileName":"GradleWorkerMain.java","lineNumber":69,"format":1},{"classLoaderName":"app","declaringClass":"worker.org.gradle.process.internal.worker.GradleWorkerMain","methodName":"main","fileName":"GradleWorkerMain.java","lineNumber":74,"format":1}],"rootCause":{"errorType":"org.openqa.selenium.TimeoutException","message":"Expected condition failed: waiting for By.id: email to be enabled (tried for 5 second(s) with 100 milliseconds interval)","stackTrace":[{"classLoaderName":"app","declaringClass":"co.com.Automatizacion.tasks.Usuarios.Login","methodName":"performAs","fileName":"Login.java","lineNumber":20,"format":1},{"classLoaderName":"app","declaringClass":"co.com.Automatizacion.tasks.Proveedor.IngresarModuloProveedor","methodName":"performAs","fileName":"IngresarModuloProveedor.java","lineNumber":29,"format":1},{"classLoaderName":"app","declaringClass":"co.com.Automatizacion.stepsdefinitions.Proveedor.RegistrarProveedorStepDefinition","methodName":"ingresarAlModuloDeProveedores","fileName":"RegistrarProveedorStepDefinition.java","lineNumber":23,"format":1},{"classLoaderName":"app","declaringClass":"cucumber.runner.Runner","methodName":"runPickle","fileName":"Runner.java","lineNumber":80,"format":1},{"classLoaderName":"app","declaringClass":"worker.org.gradle.process.internal.worker.GradleWorkerMain","methodName":"run","fileName":"GradleWorkerMain.java","lineNumber":69,"format":1},{"classLoaderName":"app","declaringClass":"worker.org.gradle.process.internal.worker.GradleWorkerMain","methodName":"main","fileName":"GradleWorkerMain.java","lineNumber":74,"format":1}],"rootCause":{"errorType":"org.openqa.selenium.NoSuchElementException","message":"no such element: Unable to locate element: {\"method\":\"css selector\",\"selector\":\"#email\"}\n  (Session info: chrome\u003d142.0.7444.61)\nFor documentation on this error, please visit: https://www.seleniumhq.org/exceptions/no_such_element.html\nBuild info: version: \u00273.141.59\u0027, revision: \u0027e82be7d358\u0027, time: \u00272018-11-14T08:17:03\u0027\nSystem info: host: \u0027LA_MAQUINA\u0027, ip: \u0027192.168.1.18\u0027, os.name: \u0027Windows 10\u0027, os.arch: \u0027amd64\u0027, os.version: \u002710.0\u0027, java.version: \u002715.0.2\u0027\nDriver info: org.openqa.selenium.chrome.ChromeDriver\nCapabilities {acceptInsecureCerts: false, browserName: chrome, browserVersion: 142.0.7444.61, chrome: {chromedriverVersion: 142.0.7444.59 (4b8153ab58d3..., userDataDir: C:\\Users\\juanm\\AppData\\Loca...}, fedcm:accounts: true, goog:chromeOptions: {debuggerAddress: localhost:56145}, goog:processID: 10020, javascriptEnabled: true, networkConnectionEnabled: false, pageLoadStrategy: normal, platform: WINDOWS, platformName: WINDOWS, proxy: Proxy(), setWindowRect: true, strictFileInteractability: false, timeouts: {implicit: 0, pageLoad: 300000, script: 30000}, unhandledPromptBehavior: ignore, webauthn:extension:credBlob: true, webauthn:extension:largeBlob: true, webauthn:extension:minPinLength: true, webauthn:extension:prf: true, webauthn:virtualAuthenticators: true}\nSession ID: 8508191cec3b56eaaa288cf129b49374\n*** Element info: {Using\u003did, value\u003demail}","stackTrace":[{"classLoaderName":"app","declaringClass":"co.com.Automatizacion.tasks.Usuarios.Login","methodName":"performAs","fileName":"Login.java","lineNumber":20,"format":1},{"classLoaderName":"app","declaringClass":"co.com.Automatizacion.tasks.Proveedor.IngresarModuloProveedor","methodName":"performAs","fileName":"IngresarModuloProveedor.java","lineNumber":29,"format":1},{"classLoaderName":"app","declaringClass":"co.com.Automatizacion.stepsdefinitions.Proveedor.RegistrarProveedorStepDefinition","methodName":"ingresarAlModuloDeProveedores","fileName":"RegistrarProveedorStepDefinition.java","lineNumber":23,"format":1},{"classLoaderName":"app","declaringClass":"cucumber.runner.Runner","methodName":"runPickle","fileName":"Runner.java","lineNumber":80,"format":1},{"classLoaderName":"app","declaringClass":"worker.org.gradle.process.internal.worker.GradleWorkerMain","methodName":"run","fileName":"GradleWorkerMain.java","lineNumber":69,"format":1},{"classLoaderName":"app","declaringClass":"worker.org.gradle.process.internal.worker.GradleWorkerMain","methodName":"main","fileName":"GradleWorkerMain.java","lineNumber":74,"format":1}]}}},"result":"FAILURE","precondition":false,"level":1,"children":[{"number":3,"description":"Administrador abrir pagina","duration":4230,"startTime":"2025-11-09T19:02:13.629659500-05:00[America/Bogota]","screenshots":[{"screenshot":"19cd2e8c61cdd69c6238eabe083203f2ca949e69bdb20f3359bb80bb4f592a4a.png","timeStamp":1762732937859}],"result":"SUCCESS","precondition":false,"level":2,"children":[{"number":4,"description":"Administrador opens the Inicio pagina","duration":4204,"startTime":"2025-11-09T19:02:13.645529300-05:00[America/Bogota]","screenshots":[{"screenshot":"19cd2e8c61cdd69c6238eabe083203f2ca949e69bdb20f3359bb80bb4f592a4a.png","timeStamp":1762732937848}],"result":"SUCCESS","precondition":false,"level":3}]},{"number":5,"description":"Administrador login","duration":6733,"startTime":"2025-11-09T19:02:17.862049400-05:00[America/Bogota]","exception":{"errorType":"net.thucydides.core.webdriver.exceptions.ElementShouldBeEnabledException","message":"Expected enabled element was not enabled","stackTrace":[{"classLoaderName":"app","declaringClass":"co.com.Automatizacion.tasks.Usuarios.Login","methodName":"performAs","fileName":"Login.java","lineNumber":20,"format":1},{"classLoaderName":"app","declaringClass":"co.com.Automatizacion.tasks.Proveedor.IngresarModuloProveedor","methodName":"performAs","fileName":"IngresarModuloProveedor.java","lineNumber":29,"format":1},{"classLoaderName":"app","declaringClass":"co.com.Automatizacion.stepsdefinitions.Proveedor.RegistrarProveedorStepDefinition","methodName":"ingresarAlModuloDeProveedores","fileName":"RegistrarProveedorStepDefinition.java","lineNumber":23,"format":1},{"classLoaderName":"app","declaringClass":"cucumber.runner.Runner","methodName":"runPickle","fileName":"Runner.java","lineNumber":80,"format":1},{"classLoaderName":"app","declaringClass":"worker.org.gradle.process.internal.worker.GradleWorkerMain","methodName":"run","fileName":"GradleWorkerMain.java","lineNumber":69,"format":1},{"classLoaderName":"app","declaringClass":"worker.org.gradle.process.internal.worker.GradleWorkerMain","methodName":"main","fileName":"GradleWorkerMain.java","lineNumber":74,"format":1}],"rootCause":{"errorType":"org.openqa.selenium.TimeoutException","message":"Expected condition failed: waiting for By.id: email to be enabled (tried for 5 second(s) with 100 milliseconds interval)","stackTrace":[{"classLoaderName":"app","declaringClass":"co.com.Automatizacion.tasks.Usuarios.Login","methodName":"performAs","fileName":"Login.java","lineNumber":20,"format":1},{"classLoaderName":"app","declaringClass":"co.com.Automatizacion.tasks.Proveedor.IngresarModuloProveedor","methodName":"performAs","fileName":"IngresarModuloProveedor.java","lineNumber":29,"format":1},{"classLoaderName":"app","declaringClass":"co.com.Automatizacion.stepsdefinitions.Proveedor.RegistrarProveedorStepDefinition","methodName":"ingresarAlModuloDeProveedores","fileName":"RegistrarProveedorStepDefinition.java","lineNumber":23,"format":1},{"classLoaderName":"app","declaringClass":"cucumber.runner.Runner","methodName":"runPickle","fileName":"Runner.java","lineNumber":80,"format":1},{"classLoaderName":"app","declaringClass":"worker.org.gradle.process.internal.worker.GradleWorkerMain","methodName":"run","fileName":"GradleWorkerMain.java","lineNumber":69,"format":1},{"classLoaderName":"app","declaringClass":"worker.org.gradle.process.internal.worker.GradleWorkerMain","methodName":"main","fileName":"GradleWorkerMain.java","lineNumber":74,"format":1}],"rootCause":{"errorType":"org.openqa.selenium.NoSuchElementException","message":"no such element: Unable to locate element: {\"method\":\"css selector\",\"selector\":\"#email\"}\n  (Session info: chrome\u003d142.0.7444.61)\nFor documentation on this error, please visit: https://www.seleniumhq.org/exceptions/no_such_element.html\nBuild info: version: \u00273.141.59\u0027, revision: \u0027e82be7d358\u0027, time: \u00272018-11-14T08:17:03\u0027\nSystem info: host: \u0027LA_MAQUINA\u0027, ip: \u0027192.168.1.18\u0027, os.name: \u0027Windows 10\u0027, os.arch: \u0027amd64\u0027, os.version: \u002710.0\u0027, java.version: \u002715.0.2\u0027\nDriver info: org.openqa.selenium.chrome.ChromeDriver\nCapabilities {acceptInsecureCerts: false, browserName: chrome, browserVersion: 142.0.7444.61, chrome: {chromedriverVersion: 142.0.7444.59 (4b8153ab58d3..., userDataDir: C:\\Users\\juanm\\AppData\\Loca...}, fedcm:accounts: true, goog:chromeOptions: {debuggerAddress: localhost:56145}, goog:processID: 10020, javascriptEnabled: true, networkConnectionEnabled: false, pageLoadStrategy: normal, platform: WINDOWS, platformName: WINDOWS, proxy: Proxy(), setWindowRect: true, strictFileInteractability: false, timeouts: {implicit: 0, pageLoad: 300000, script: 30000}, unhandledPromptBehavior: ignore, webauthn:extension:credBlob: true, webauthn:extension:largeBlob: true, webauthn:extension:minPinLength: true, webauthn:extension:prf: true, webauthn:virtualAuthenticators: true}\nSession ID: 8508191cec3b56eaaa288cf129b49374\n*** Element info: {Using\u003did, value\u003demail}","stackTrace":[{"classLoaderName":"app","declaringClass":"co.com.Automatizacion.tasks.Usuarios.Login","methodName":"performAs","fileName":"Login.java","lineNumber":20,"format":1},{"classLoaderName":"app","declaringClass":"co.com.Automatizacion.tasks.Proveedor.IngresarModuloProveedor","methodName":"performAs","fileName":"IngresarModuloProveedor.java","lineNumber":29,"format":1},{"classLoaderName":"app","declaringClass":"co.com.Automatizacion.stepsdefinitions.Proveedor.RegistrarProveedorStepDefinition","methodName":"ingresarAlModuloDeProveedores","fileName":"RegistrarProveedorStepDefinition.java","lineNumber":23,"format":1},{"classLoaderName":"app","declaringClass":"cucumber.runner.Runner","methodName":"runPickle","fileName":"Runner.java","lineNumber":80,"format":1},{"classLoaderName":"app","declaringClass":"worker.org.gradle.process.internal.worker.GradleWorkerMain","methodName":"run","fileName":"GradleWorkerMain.java","lineNumber":69,"format":1},{"classLoaderName":"app","declaringClass":"worker.org.gradle.process.internal.worker.GradleWorkerMain","methodName":"main","fileName":"GradleWorkerMain.java","lineNumber":74,"format":1}]}}},"result":"FAILURE","precondition":false,"level":2,"children":[{"number":6,"description":"Administrador clicks on Correo electronico","duration":6675,"startTime":"2025-11-09T19:02:17.900489600-05:00[America/Bogota]","screenshots":[{"screenshot":"19cd2e8c61cdd69c6238eabe083203f2ca949e69bdb20f3359bb80bb4f592a4a.png","htmlSource":"pagesource3627688707972997618.html.txt","timeStamp":1762732944560}],"exception":{"errorType":"net.thucydides.core.webdriver.exceptions.ElementShouldBeEnabledException","message":"Expected enabled element was not enabled","stackTrace":[{"classLoaderName":"app","declaringClass":"co.com.Automatizacion.tasks.Usuarios.Login","methodName":"performAs","fileName":"Login.java","lineNumber":20,"format":1},{"classLoaderName":"app","declaringClass":"co.com.Automatizacion.tasks.Proveedor.IngresarModuloProveedor","methodName":"performAs","fileName":"IngresarModuloProveedor.java","lineNumber":29,"format":1},{"classLoaderName":"app","declaringClass":"co.com.Automatizacion.stepsdefinitions.Proveedor.RegistrarProveedorStepDefinition","methodName":"ingresarAlModuloDeProveedores","fileName":"RegistrarProveedorStepDefinition.java","lineNumber":23,"format":1},{"classLoaderName":"app","declaringClass":"cucumber.runner.Runner","methodName":"runPickle","fileName":"Runner.java","lineNumber":80,"format":1},{"classLoaderName":"app","declaringClass":"worker.org.gradle.process.internal.worker.GradleWorkerMain","methodName":"run","fileName":"GradleWorkerMain.java","lineNumber":69,"format":1},{"classLoaderName":"app","declaringClass":"worker.org.gradle.process.internal.worker.GradleWorkerMain","methodName":"main","fileName":"GradleWorkerMain.java","lineNumber":74,"format":1}],"rootCause":{"errorType":"org.openqa.selenium.TimeoutException","message":"Expected condition failed: waiting for By.id: email to be enabled (tried for 5 second(s) with 100 milliseconds interval)","stackTrace":[{"classLoaderName":"app","declaringClass":"co.com.Automatizacion.tasks.Usuarios.Login","methodName":"performAs","fileName":"Login.java","lineNumber":20,"format":1},{"classLoaderName":"app","declaringClass":"co.com.Automatizacion.tasks.Proveedor.IngresarModuloProveedor","methodName":"performAs","fileName":"IngresarModuloProveedor.java","lineNumber":29,"format":1},{"classLoaderName":"app","declaringClass":"co.com.Automatizacion.stepsdefinitions.Proveedor.RegistrarProveedorStepDefinition","methodName":"ingresarAlModuloDeProveedores","fileName":"RegistrarProveedorStepDefinition.java","lineNumber":23,"format":1},{"classLoaderName":"app","declaringClass":"cucumber.runner.Runner","methodName":"runPickle","fileName":"Runner.java","lineNumber":80,"format":1},{"classLoaderName":"app","declaringClass":"worker.org.gradle.process.internal.worker.GradleWorkerMain","methodName":"run","fileName":"GradleWorkerMain.java","lineNumber":69,"format":1},{"classLoaderName":"app","declaringClass":"worker.org.gradle.process.internal.worker.GradleWorkerMain","methodName":"main","fileName":"GradleWorkerMain.java","lineNumber":74,"format":1}],"rootCause":{"errorType":"org.openqa.selenium.NoSuchElementException","message":"no such element: Unable to locate element: {\"method\":\"css selector\",\"selector\":\"#email\"}\n  (Session info: chrome\u003d142.0.7444.61)\nFor documentation on this error, please visit: https://www.seleniumhq.org/exceptions/no_such_element.html\nBuild info: version: \u00273.141.59\u0027, revision: \u0027e82be7d358\u0027, time: \u00272018-11-14T08:17:03\u0027\nSystem info: host: \u0027LA_MAQUINA\u0027, ip: \u0027192.168.1.18\u0027, os.name: \u0027Windows 10\u0027, os.arch: \u0027amd64\u0027, os.version: \u002710.0\u0027, java.version: \u002715.0.2\u0027\nDriver info: org.openqa.selenium.chrome.ChromeDriver\nCapabilities {acceptInsecureCerts: false, browserName: chrome, browserVersion: 142.0.7444.61, chrome: {chromedriverVersion: 142.0.7444.59 (4b8153ab58d3..., userDataDir: C:\\Users\\juanm\\AppData\\Loca...}, fedcm:accounts: true, goog:chromeOptions: {debuggerAddress: localhost:56145}, goog:processID: 10020, javascriptEnabled: true, networkConnectionEnabled: false, pageLoadStrategy: normal, platform: WINDOWS, platformName: WINDOWS, proxy: Proxy(), setWindowRect: true, strictFileInteractability: false, timeouts: {implicit: 0, pageLoad: 300000, script: 30000}, unhandledPromptBehavior: ignore, webauthn:extension:credBlob: true, webauthn:extension:largeBlob: true, webauthn:extension:minPinLength: true, webauthn:extension:prf: true, webauthn:virtualAuthenticators: true}\nSession ID: 8508191cec3b56eaaa288cf129b49374\n*** Element info: {Using\u003did, value\u003demail}","stackTrace":[{"classLoaderName":"app","declaringClass":"co.com.Automatizacion.tasks.Usuarios.Login","methodName":"performAs","fileName":"Login.java","lineNumber":20,"format":1},{"classLoaderName":"app","declaringClass":"co.com.Automatizacion.tasks.Proveedor.IngresarModuloProveedor","methodName":"performAs","fileName":"IngresarModuloProveedor.java","lineNumber":29,"format":1},{"classLoaderName":"app","declaringClass":"co.com.Automatizacion.stepsdefinitions.Proveedor.RegistrarProveedorStepDefinition","methodName":"ingresarAlModuloDeProveedores","fileName":"RegistrarProveedorStepDefinition.java","lineNumber":23,"format":1},{"classLoaderName":"app","declaringClass":"cucumber.runner.Runner","methodName":"runPickle","fileName":"Runner.java","lineNumber":80,"format":1},{"classLoaderName":"app","declaringClass":"worker.org.gradle.process.internal.worker.GradleWorkerMain","methodName":"run","fileName":"GradleWorkerMain.java","lineNumber":69,"format":1},{"classLoaderName":"app","declaringClass":"worker.org.gradle.process.internal.worker.GradleWorkerMain","methodName":"main","fileName":"GradleWorkerMain.java","lineNumber":74,"format":1}]}}},"result":"FAILURE","precondition":false,"level":3}]}]}]},{"number":7,"description":"Cuando haga clic en el botón registrar proveedor","duration":1,"startTime":"2025-11-09T19:02:24.631712100-05:00[America/Bogota]","result":"SKIPPED","precondition":false,"level":0},{"number":8,"description":"Y complete el formulario con los siguientes datos:\r\n| nombre | nit | celular | email | direccion |\r\n| Calzado Ejemplo SAS | 9701234567 | 3104567890 | ventas@calzadoejemplo.com | Calle 99 #88-77 Cali |","duration":1,"startTime":"2025-11-09T19:02:24.634696300-05:00[America/Bogota]","result":"SKIPPED","precondition":false,"level":0},{"number":9,"description":"Entonces se debe verificar que el proveedor haya sido registrado correctamente","duration":2,"startTime":"2025-11-09T19:02:24.637696-05:00[America/Bogota]","result":"SKIPPED","precondition":false,"level":0}],"userStory":{"id":"registrar-un-nuevo-proveedor","storyName":"Registrar un nuevo proveedor","path":"src/test/resources/features/Proveedor/RegistrarProveedor.feature","narrative":"  Como administrador del sistema\n  Quiero registrar un nuevo proveedor\n  Para mantener actualizado el listado de proveedores","type":"feature"},"featureTag":{"name":"Proveedor/Registrar un nuevo proveedor","type":"feature","displayName":"Proveedor/Registrar un nuevo proveedor"},"title":"Registrar un proveedor exitosamente","tags":[{"name":"Proveedor","type":"capability","displayName":"Proveedor"},{"name":"RegistrarProveedor","type":"tag","displayName":"RegistrarProveedor"},{"name":"Proveedor/Registrar un nuevo proveedor","type":"feature","displayName":"Registrar un nuevo proveedor"}],"startTime":"2025-11-09T19:02:12.933573200-05:00[America/Bogota]","duration":11708,"testFailureCause":{"errorType":"net.thucydides.core.webdriver.exceptions.ElementShouldBeEnabledException","message":"Expected enabled element was not enabled","stackTrace":[{"classLoaderName":"app","declaringClass":"co.com.Automatizacion.tasks.Usuarios.Login","methodName":"performAs","fileName":"Login.java","lineNumber":20,"format":1},{"classLoaderName":"app","declaringClass":"co.com.Automatizacion.tasks.Proveedor.IngresarModuloProveedor","methodName":"performAs","fileName":"IngresarModuloProveedor.java","lineNumber":29,"format":1},{"classLoaderName":"app","declaringClass":"co.com.Automatizacion.stepsdefinitions.Proveedor.RegistrarProveedorStepDefinition","methodName":"ingresarAlModuloDeProveedores","fileName":"RegistrarProveedorStepDefinition.java","lineNumber":23,"format":1},{"classLoaderName":"app","declaringClass":"cucumber.runner.Runner","methodName":"runPickle","fileName":"Runner.java","lineNumber":80,"format":1},{"classLoaderName":"app","declaringClass":"worker.org.gradle.process.internal.worker.GradleWorkerMain","methodName":"run","fileName":"GradleWorkerMain.java","lineNumber":69,"format":1},{"classLoaderName":"app","declaringClass":"worker.org.gradle.process.internal.worker.GradleWorkerMain","methodName":"main","fileName":"GradleWorkerMain.java","lineNumber":74,"format":1}],"rootCause":{"errorType":"org.openqa.selenium.TimeoutException","message":"Expected condition failed: waiting for By.id: email to be enabled (tried for 5 second(s) with 100 milliseconds interval)","stackTrace":[{"classLoaderName":"app","declaringClass":"co.com.Automatizacion.tasks.Usuarios.Login","methodName":"performAs","fileName":"Login.java","lineNumber":20,"format":1},{"classLoaderName":"app","declaringClass":"co.com.Automatizacion.tasks.Proveedor.IngresarModuloProveedor","methodName":"performAs","fileName":"IngresarModuloProveedor.java","lineNumber":29,"format":1},{"classLoaderName":"app","declaringClass":"co.com.Automatizacion.stepsdefinitions.Proveedor.RegistrarProveedorStepDefinition","methodName":"ingresarAlModuloDeProveedores","fileName":"RegistrarProveedorStepDefinition.java","lineNumber":23,"format":1},{"classLoaderName":"app","declaringClass":"cucumber.runner.Runner","methodName":"runPickle","fileName":"Runner.java","lineNumber":80,"format":1},{"classLoaderName":"app","declaringClass":"worker.org.gradle.process.internal.worker.GradleWorkerMain","methodName":"run","fileName":"GradleWorkerMain.java","lineNumber":69,"format":1},{"classLoaderName":"app","declaringClass":"worker.org.gradle.process.internal.worker.GradleWorkerMain","methodName":"main","fileName":"GradleWorkerMain.java","lineNumber":74,"format":1}],"rootCause":{"errorType":"org.openqa.selenium.NoSuchElementException","message":"no such element: Unable to locate element: {\"method\":\"css selector\",\"selector\":\"#email\"}\n  (Session info: chrome\u003d142.0.7444.61)\nFor documentation on this error, please visit: https://www.seleniumhq.org/exceptions/no_such_element.html\nBuild info: version: \u00273.141.59\u0027, revision: \u0027e82be7d358\u0027, time: \u00272018-11-14T08:17:03\u0027\nSystem info: host: \u0027LA_MAQUINA\u0027, ip: \u0027192.168.1.18\u0027, os.name: \u0027Windows 10\u0027, os.arch: \u0027amd64\u0027, os.version: \u002710.0\u0027, java.version: \u002715.0.2\u0027\nDriver info: org.openqa.selenium.chrome.ChromeDriver\nCapabilities {acceptInsecureCerts: false, browserName: chrome, browserVersion: 142.0.7444.61, chrome: {chromedriverVersion: 142.0.7444.59 (4b8153ab58d3..., userDataDir: C:\\Users\\juanm\\AppData\\Loca...}, fedcm:accounts: true, goog:chromeOptions: {debuggerAddress: localhost:56145}, goog:processID: 10020, javascriptEnabled: true, networkConnectionEnabled: false, pageLoadStrategy: normal, platform: WINDOWS, platformName: WINDOWS, proxy: Proxy(), setWindowRect: true, strictFileInteractability: false, timeouts: {implicit: 0, pageLoad: 300000, script: 30000}, unhandledPromptBehavior: ignore, webauthn:extension:credBlob: true, webauthn:extension:largeBlob: true, webauthn:extension:minPinLength: true, webauthn:extension:prf: true, webauthn:virtualAuthenticators: true}\nSession ID: 8508191cec3b56eaaa288cf129b49374\n*** Element info: {Using\u003did, value\u003demail}","stackTrace":[{"classLoaderName":"app","declaringClass":"co.com.Automatizacion.tasks.Usuarios.Login","methodName":"performAs","fileName":"Login.java","lineNumber":20,"format":1},{"classLoaderName":"app","declaringClass":"co.com.Automatizacion.tasks.Proveedor.IngresarModuloProveedor","methodName":"performAs","fileName":"IngresarModuloProveedor.java","lineNumber":29,"format":1},{"classLoaderName":"app","declaringClass":"co.com.Automatizacion.stepsdefinitions.Proveedor.RegistrarProveedorStepDefinition","methodName":"ingresarAlModuloDeProveedores","fileName":"RegistrarProveedorStepDefinition.java","lineNumber":23,"format":1},{"classLoaderName":"app","declaringClass":"cucumber.runner.Runner","methodName":"runPickle","fileName":"Runner.java","lineNumber":80,"format":1},{"classLoaderName":"app","declaringClass":"worker.org.gradle.process.internal.worker.GradleWorkerMain","methodName":"run","fileName":"GradleWorkerMain.java","lineNumber":69,"format":1},{"classLoaderName":"app","declaringClass":"worker.org.gradle.process.internal.worker.GradleWorkerMain","methodName":"main","fileName":"GradleWorkerMain.java","lineNumber":74,"format":1}]}}},"testFailureClassname":"net.thucydides.core.webdriver.exceptions.ElementShouldBeEnabledException","testFailureMessage":"Expected enabled element was not enabled","testFailureSummary":"FAILURE;net.thucydides.core.webdriver.exceptions.ElementShouldBeEnabledException;Expected enabled element was not enabled;Login.java","projectKey":"","annotatedResult":"FAILURE","sessionId":"8508191cec3b56eaaa288cf129b49374","driver":"chrome:administrador","isManualTestingUpToDate":false,"manual":false,"testSource":"Cucumber","actors":[{"name":"Administrador","can":["browse the web"]}],"result":"FAILURE"}