<?xml version="1.0" encoding="UTF-8"?><testsuite errors="0" failures="1" name="Registrar un nuevo proveedor" skipped="0" tests="1" time="11.71" timestamp="2025-11-09 07:02:12"><testcase name="Registrar un proveedor exitosamente"><failure message="Expected enabled element was not enabled" type="net.thucydides.core.webdriver.exceptions.ElementShouldBeEnabledException">Expected enabled element was not enabled</failure><system-err>Expected enabled element was not enabled&#13;
co.com.Automatizacion.tasks.Usuarios.Login.performAs(Login.java:20)&#13;
co.com.Automatizacion.tasks.Proveedor.IngresarModuloProveedor.performAs(IngresarModuloProveedor.java:29)&#13;
co.com.Automatizacion.stepsdefinitions.Proveedor.RegistrarProveedorStepDefinition.ingresarAlModuloDeProveedores(RegistrarProveedorStepDefinition.java:23)&#13;
cucumber.runner.Runner.runPickle(Runner.java:80)&#13;
worker.org.gradle.process.internal.worker.GradleWorkerMain.run(GradleWorkerMain.java:69)&#13;
worker.org.gradle.process.internal.worker.GradleWorkerMain.main(GradleWorkerMain.java:74)&#13;
</system-err></testcase></testsuite>