<?xml version="1.0" encoding="UTF-8"?><testsuite errors="1" failures="0" name="Registrar un producto en página web de Sport10" skipped="0" tests="1" time="0.36" timestamp="2025-11-09 09:00:28"><testcase name="Verificar el registro exitoso de un nuevo producto"><error message="Cannot invoke &quot;net.serenitybdd.screenplay.actors.Stage.theActorInTheSpotlight()&quot; because the return value of &quot;net.serenitybdd.screenplay.actors.OnStage.stage()&quot; is null" type="java.lang.NullPointerException">Cannot invoke "net.serenitybdd.screenplay.actors.Stage.theActorInTheSpotlight()" because the return value of "net.serenitybdd.screenplay.actors.OnStage.stage()" is null</error><system-err>Cannot invoke "net.serenitybdd.screenplay.actors.Stage.theActorInTheSpotlight()" because the return value of "net.serenitybdd.screenplay.actors.OnStage.stage()" is null&#13;
co.com.Automatizacion.stepsdefinitions.Usuarios.LoginStepDefinition.queElAdministradorEsteEnLaPagina(LoginStepDefinition.java:18)&#13;
✽.que el administrador este en la pagina(src/test/resources/features/Productos/CrearProducto.feature:10)&#13;
</system-err></testcase></testsuite>