<?xml version="1.0" encoding="UTF-8"?><testsuite errors="1" failures="0" name="Eliminar proveedor" skipped="0" tests="1" time="46.31" timestamp="2025-11-04 09:50:23"><testcase name="Eliminar proveedor exitosamente"><error message="Expected condition failed: waiting for presence of element located by: By.xpath: //tr[td[text()='940345678']] (tried for 30 second(s) with 500 milliseconds interval)" type="org.openqa.selenium.TimeoutException">Expected condition failed: waiting for presence of element located by: By.xpath: //tr[td[text()='940345678']] (tried for 30 second(s) with 500 milliseconds interval)</error><system-err>Expected condition failed: waiting for presence of element located by: By.xpath: //tr[td[text()='940345678']] (tried for 30 second(s) with 500 milliseconds interval)&#13;
co.com.Automatizacion.tasks.Proveedor.EliminarProveedor.performAs(EliminarProveedor.java:37)&#13;
co.com.Automatizacion.stepsdefinitions.Proveedor.EliminarProveedorStepDefinition.eliminarProveedor(EliminarProveedorStepDefinition.java:28)&#13;
cucumber.runner.Runner.runPickle(Runner.java:80)&#13;
worker.org.gradle.process.internal.worker.GradleWorkerMain.run(GradleWorkerMain.java:69)&#13;
worker.org.gradle.process.internal.worker.GradleWorkerMain.main(GradleWorkerMain.java:74)&#13;
</system-err></testcase></testsuite>