<?xml version="1.0" encoding="UTF-8"?><testsuite errors="1" failures="0" name="Registrar un nuevo proveedor" skipped="0" tests="1" time="0.01" timestamp="2025-11-03 08:01:12"><testcase name="Registro exitoso de un nuevo proveedor"><error message="Cannot invoke &quot;net.serenitybdd.screenplay.actors.Stage.anActorIsOnStage()&quot; because the return value of &quot;net.serenitybdd.screenplay.actors.OnStage.stage()&quot; is null" type="java.lang.NullPointerException">Cannot invoke "net.serenitybdd.screenplay.actors.Stage.anActorIsOnStage()" because the return value of "net.serenitybdd.screenplay.actors.OnStage.stage()" is null</error><system-err>Cannot invoke "net.serenitybdd.screenplay.actors.Stage.anActorIsOnStage()" because the return value of "net.serenitybdd.screenplay.actors.OnStage.stage()" is null&#13;
co.com.Automatizacion.utils.hooks.login.LoginHooks.loginBeforeProveedorScenario(LoginHooks.java:15)&#13;
cucumber.runner.UnskipableStep.executeStep(UnskipableStep.java:22)&#13;
cucumber.runner.Runner.runPickle(Runner.java:80)&#13;
worker.org.gradle.process.internal.worker.GradleWorkerMain.run(GradleWorkerMain.java:69)&#13;
worker.org.gradle.process.internal.worker.GradleWorkerMain.main(GradleWorkerMain.java:74)&#13;
</system-err></testcase></testsuite>